<?xml version="1.0" encoding="UTF-8"?>
<testsuite name="TestExample" tests="1" skipped="0" failures="0" errors="0" timestamp="2021-05-02T23:23:32" hostname="DESKTOP-I9FGHBH" time="0.024">
  <properties/>
  <testcase name="Example test" classname="TestExample" time="0.024"/>
  <system-out><![CDATA[]]></system-out>
  <system-err><![CDATA[]]></system-err>
</testsuite>
